2025-01-25 21:28:31,201 - INFO - Endpoint was hit for movie_id: 1
2025-01-25 21:28:31,201 - INFO - Raw data received: id=7
2025-01-25 21:29:07,432 - INFO - Endpoint was hit for movie_id: 1
2025-01-25 21:29:07,432 - INFO - Raw data received: id=7
2025-01-25 21:29:10,577 - INFO - Endpoint was hit for movie_id: 1
2025-01-25 21:29:10,578 - INFO - Raw data received: id=7
2025-01-25 21:29:24,575 - INFO - Endpoint was hit for movie_id: 1
2025-01-25 21:29:24,575 - INFO - Raw data received: id=9
2025-01-25 21:45:40,813 - INFO - Endpoint was hit for movie_id: 2
2025-01-25 21:45:40,814 - INFO - Raw data received: id=5
2025-01-25 21:46:07,322 - INFO - Endpoint was hit for movie_id: 3
2025-01-25 21:46:07,322 - INFO - Raw data received: id=5
2025-01-25 21:47:59,583 - INFO - Endpoint was hit for movie_id: 4
2025-01-25 21:47:59,583 - INFO - Raw data received: id=5
2025-01-25 21:55:59,406 - INFO - Endpoint was hit for movie_id: 2
2025-01-25 21:55:59,407 - INFO - Raw data received: id=7
2025-01-25 21:58:37,299 - INFO - Endpoint was hit for movie_id: 4
2025-01-25 21:58:37,300 - INFO - Raw data received: id=1
2025-01-25 21:59:55,408 - INFO - Endpoint was hit for movie_id: 4
2025-01-25 21:59:55,408 - INFO - Raw data received: id=7
2025-01-25 22:01:46,054 - INFO - Endpoint was hit for movie_id: 4
2025-01-25 22:01:46,054 - INFO - Raw data received: id=2
2025-01-26 13:40:41,195 - INFO - HTTP Request: GET https://e15a0be7-90ca-491a-8bbb-ce2eae999b65.eu-west-2-0.aws.cloud.qdrant.io:6333 "HTTP/1.1 200 OK"
2025-01-26 13:40:41,199 - INFO - Use pytorch device_name: cpu
2025-01-26 13:40:41,200 - INFO - Load pretrained SentenceTransformer: all-MiniLM-L6-v2
2025-01-26 13:40:48,647 - INFO - HTTP Request: GET https://e15a0be7-90ca-491a-8bbb-ce2eae999b65.eu-west-2-0.aws.cloud.qdrant.io:6333 "HTTP/1.1 200 OK"
2025-01-26 13:40:48,650 - INFO - Use pytorch device_name: cpu
2025-01-26 13:40:48,650 - INFO - Load pretrained SentenceTransformer: all-MiniLM-L6-v2
2025-01-26 13:40:55,375 - INFO - HTTP Request: GET https://e15a0be7-90ca-491a-8bbb-ce2eae999b65.eu-west-2-0.aws.cloud.qdrant.io:6333 "HTTP/1.1 200 OK"
2025-01-26 13:40:55,377 - INFO - Use pytorch device_name: cpu
2025-01-26 13:40:55,377 - INFO - Load pretrained SentenceTransformer: all-MiniLM-L6-v2
2025-01-26 13:41:40,459 - INFO - HTTP Request: GET https://e15a0be7-90ca-491a-8bbb-ce2eae999b65.eu-west-2-0.aws.cloud.qdrant.io:6333 "HTTP/1.1 200 OK"
2025-01-26 13:41:40,462 - INFO - Use pytorch device_name: cpu
2025-01-26 13:41:40,462 - INFO - Load pretrained SentenceTransformer: all-MiniLM-L6-v2
2025-01-26 13:41:47,439 - INFO - HTTP Request: GET https://e15a0be7-90ca-491a-8bbb-ce2eae999b65.eu-west-2-0.aws.cloud.qdrant.io:6333 "HTTP/1.1 200 OK"
2025-01-26 13:41:47,443 - INFO - Use pytorch device_name: cpu
2025-01-26 13:41:47,443 - INFO - Load pretrained SentenceTransformer: all-MiniLM-L6-v2
2025-01-26 13:42:26,372 - INFO - HTTP Request: GET https://e15a0be7-90ca-491a-8bbb-ce2eae999b65.eu-west-2-0.aws.cloud.qdrant.io:6333 "HTTP/1.1 200 OK"
2025-01-26 13:42:26,376 - INFO - Use pytorch device_name: cpu
2025-01-26 13:42:26,376 - INFO - Load pretrained SentenceTransformer: all-MiniLM-L6-v2
2025-01-26 13:42:33,764 - INFO - HTTP Request: GET https://e15a0be7-90ca-491a-8bbb-ce2eae999b65.eu-west-2-0.aws.cloud.qdrant.io:6333 "HTTP/1.1 200 OK"
2025-01-26 13:42:33,766 - INFO - Use pytorch device_name: cpu
2025-01-26 13:42:33,766 - INFO - Load pretrained SentenceTransformer: all-MiniLM-L6-v2
2025-01-26 13:42:40,927 - INFO - HTTP Request: GET https://e15a0be7-90ca-491a-8bbb-ce2eae999b65.eu-west-2-0.aws.cloud.qdrant.io:6333 "HTTP/1.1 200 OK"
2025-01-26 13:42:40,930 - INFO - Use pytorch device_name: cpu
2025-01-26 13:42:40,930 - INFO - Load pretrained SentenceTransformer: all-MiniLM-L6-v2
2025-01-26 13:42:59,801 - INFO - HTTP Request: GET https://e15a0be7-90ca-491a-8bbb-ce2eae999b65.eu-west-2-0.aws.cloud.qdrant.io:6333 "HTTP/1.1 200 OK"
2025-01-26 13:42:59,804 - INFO - Use pytorch device_name: cpu
2025-01-26 13:42:59,804 - INFO - Load pretrained SentenceTransformer: all-MiniLM-L6-v2
2025-01-26 13:43:08,128 - INFO - HTTP Request: GET https://e15a0be7-90ca-491a-8bbb-ce2eae999b65.eu-west-2-0.aws.cloud.qdrant.io:6333 "HTTP/1.1 200 OK"
2025-01-26 13:43:08,130 - INFO - Use pytorch device_name: cpu
2025-01-26 13:43:08,130 - INFO - Load pretrained SentenceTransformer: all-MiniLM-L6-v2
2025-01-26 13:43:15,749 - INFO - HTTP Request: GET https://e15a0be7-90ca-491a-8bbb-ce2eae999b65.eu-west-2-0.aws.cloud.qdrant.io:6333 "HTTP/1.1 200 OK"
2025-01-26 13:43:15,753 - INFO - Use pytorch device_name: cpu
2025-01-26 13:43:15,753 - INFO - Load pretrained SentenceTransformer: all-MiniLM-L6-v2
2025-01-26 13:44:25,216 - INFO - HTTP Request: GET https://e15a0be7-90ca-491a-8bbb-ce2eae999b65.eu-west-2-0.aws.cloud.qdrant.io:6333 "HTTP/1.1 200 OK"
2025-01-26 13:44:25,220 - INFO - Use pytorch device_name: cpu
2025-01-26 13:44:25,220 - INFO - Load pretrained SentenceTransformer: all-MiniLM-L6-v2
2025-01-26 13:44:32,723 - INFO - HTTP Request: GET https://e15a0be7-90ca-491a-8bbb-ce2eae999b65.eu-west-2-0.aws.cloud.qdrant.io:6333 "HTTP/1.1 200 OK"
2025-01-26 13:44:32,727 - INFO - Use pytorch device_name: cpu
2025-01-26 13:44:32,728 - INFO - Load pretrained SentenceTransformer: all-MiniLM-L6-v2
2025-01-26 13:44:39,994 - INFO - HTTP Request: GET https://e15a0be7-90ca-491a-8bbb-ce2eae999b65.eu-west-2-0.aws.cloud.qdrant.io:6333 "HTTP/1.1 200 OK"
2025-01-26 13:44:39,998 - INFO - Use pytorch device_name: cpu
2025-01-26 13:44:39,998 - INFO - Load pretrained SentenceTransformer: all-MiniLM-L6-v2
2025-01-26 13:44:47,249 - INFO - HTTP Request: GET https://e15a0be7-90ca-491a-8bbb-ce2eae999b65.eu-west-2-0.aws.cloud.qdrant.io:6333 "HTTP/1.1 200 OK"
2025-01-26 13:44:47,252 - INFO - Use pytorch device_name: cpu
2025-01-26 13:44:47,252 - INFO - Load pretrained SentenceTransformer: all-MiniLM-L6-v2
2025-01-26 13:44:54,360 - INFO - HTTP Request: GET https://e15a0be7-90ca-491a-8bbb-ce2eae999b65.eu-west-2-0.aws.cloud.qdrant.io:6333 "HTTP/1.1 200 OK"
2025-01-26 13:44:54,364 - INFO - Use pytorch device_name: cpu
2025-01-26 13:44:54,364 - INFO - Load pretrained SentenceTransformer: all-MiniLM-L6-v2
2025-01-26 13:45:01,789 - INFO - HTTP Request: GET https://e15a0be7-90ca-491a-8bbb-ce2eae999b65.eu-west-2-0.aws.cloud.qdrant.io:6333 "HTTP/1.1 200 OK"
2025-01-26 13:45:01,793 - INFO - Use pytorch device_name: cpu
2025-01-26 13:45:01,793 - INFO - Load pretrained SentenceTransformer: all-MiniLM-L6-v2
2025-01-26 13:45:12,541 - INFO - HTTP Request: GET https://e15a0be7-90ca-491a-8bbb-ce2eae999b65.eu-west-2-0.aws.cloud.qdrant.io:6333 "HTTP/1.1 200 OK"
2025-01-26 13:45:12,545 - INFO - Use pytorch device_name: cpu
2025-01-26 13:45:12,545 - INFO - Load pretrained SentenceTransformer: all-MiniLM-L6-v2
2025-01-26 13:48:38,276 - INFO - HTTP Request: GET https://e15a0be7-90ca-491a-8bbb-ce2eae999b65.eu-west-2-0.aws.cloud.qdrant.io:6333 "HTTP/1.1 200 OK"
2025-01-26 13:48:38,282 - INFO - Use pytorch device_name: cpu
2025-01-26 13:48:38,283 - INFO - Load pretrained SentenceTransformer: all-MiniLM-L6-v2
2025-01-26 13:48:45,886 - INFO - HTTP Request: GET https://e15a0be7-90ca-491a-8bbb-ce2eae999b65.eu-west-2-0.aws.cloud.qdrant.io:6333 "HTTP/1.1 200 OK"
2025-01-26 13:48:45,890 - INFO - Use pytorch device_name: cpu
2025-01-26 13:48:45,890 - INFO - Load pretrained SentenceTransformer: all-MiniLM-L6-v2
2025-01-26 13:48:53,111 - INFO - HTTP Request: GET https://e15a0be7-90ca-491a-8bbb-ce2eae999b65.eu-west-2-0.aws.cloud.qdrant.io:6333 "HTTP/1.1 200 OK"
2025-01-26 13:48:53,115 - INFO - Use pytorch device_name: cpu
2025-01-26 13:48:53,115 - INFO - Load pretrained SentenceTransformer: all-MiniLM-L6-v2
2025-01-26 13:49:24,786 - INFO - HTTP Request: GET https://e15a0be7-90ca-491a-8bbb-ce2eae999b65.eu-west-2-0.aws.cloud.qdrant.io:6333 "HTTP/1.1 200 OK"
2025-01-26 13:49:24,790 - INFO - Use pytorch device_name: cpu
2025-01-26 13:49:24,790 - INFO - Load pretrained SentenceTransformer: all-MiniLM-L6-v2
2025-01-26 13:49:32,761 - INFO - HTTP Request: GET https://e15a0be7-90ca-491a-8bbb-ce2eae999b65.eu-west-2-0.aws.cloud.qdrant.io:6333 "HTTP/1.1 200 OK"
2025-01-26 13:49:32,763 - INFO - Use pytorch device_name: cpu
2025-01-26 13:49:32,763 - INFO - Load pretrained SentenceTransformer: all-MiniLM-L6-v2
2025-01-26 13:49:40,416 - INFO - HTTP Request: GET https://e15a0be7-90ca-491a-8bbb-ce2eae999b65.eu-west-2-0.aws.cloud.qdrant.io:6333 "HTTP/1.1 200 OK"
2025-01-26 13:49:40,421 - INFO - Use pytorch device_name: cpu
2025-01-26 13:49:40,421 - INFO - Load pretrained SentenceTransformer: all-MiniLM-L6-v2
2025-01-26 13:55:07,028 - INFO - HTTP Request: GET https://e15a0be7-90ca-491a-8bbb-ce2eae999b65.eu-west-2-0.aws.cloud.qdrant.io:6333 "HTTP/1.1 200 OK"
2025-01-26 13:55:07,031 - INFO - Use pytorch device_name: cpu
2025-01-26 13:55:07,032 - INFO - Load pretrained SentenceTransformer: all-MiniLM-L6-v2
2025-01-26 13:55:14,501 - INFO - HTTP Request: GET https://e15a0be7-90ca-491a-8bbb-ce2eae999b65.eu-west-2-0.aws.cloud.qdrant.io:6333 "HTTP/1.1 200 OK"
2025-01-26 13:55:14,503 - INFO - Use pytorch device_name: cpu
2025-01-26 13:55:14,504 - INFO - Load pretrained SentenceTransformer: all-MiniLM-L6-v2
2025-01-26 13:55:21,171 - INFO - HTTP Request: GET https://e15a0be7-90ca-491a-8bbb-ce2eae999b65.eu-west-2-0.aws.cloud.qdrant.io:6333 "HTTP/1.1 200 OK"
2025-01-26 13:55:21,174 - INFO - Use pytorch device_name: cpu
2025-01-26 13:55:21,174 - INFO - Load pretrained SentenceTransformer: all-MiniLM-L6-v2
2025-01-26 13:55:29,077 - INFO - HTTP Request: GET https://e15a0be7-90ca-491a-8bbb-ce2eae999b65.eu-west-2-0.aws.cloud.qdrant.io:6333 "HTTP/1.1 200 OK"
2025-01-26 13:55:29,079 - INFO - Use pytorch device_name: cpu
2025-01-26 13:55:29,080 - INFO - Load pretrained SentenceTransformer: all-MiniLM-L6-v2
2025-01-26 13:55:36,251 - INFO - HTTP Request: GET https://e15a0be7-90ca-491a-8bbb-ce2eae999b65.eu-west-2-0.aws.cloud.qdrant.io:6333 "HTTP/1.1 200 OK"
2025-01-26 13:55:36,253 - INFO - Use pytorch device_name: cpu
2025-01-26 13:55:36,254 - INFO - Load pretrained SentenceTransformer: all-MiniLM-L6-v2
2025-01-26 13:56:13,380 - INFO - HTTP Request: GET https://e15a0be7-90ca-491a-8bbb-ce2eae999b65.eu-west-2-0.aws.cloud.qdrant.io:6333 "HTTP/1.1 200 OK"
2025-01-26 13:56:13,384 - INFO - Use pytorch device_name: cpu
2025-01-26 13:56:13,384 - INFO - Load pretrained SentenceTransformer: all-MiniLM-L6-v2
2025-01-26 13:56:20,745 - INFO - HTTP Request: GET https://e15a0be7-90ca-491a-8bbb-ce2eae999b65.eu-west-2-0.aws.cloud.qdrant.io:6333 "HTTP/1.1 200 OK"
2025-01-26 13:56:20,747 - INFO - Use pytorch device_name: cpu
2025-01-26 13:56:20,747 - INFO - Load pretrained SentenceTransformer: all-MiniLM-L6-v2
2025-01-26 13:56:27,937 - INFO - HTTP Request: GET https://e15a0be7-90ca-491a-8bbb-ce2eae999b65.eu-west-2-0.aws.cloud.qdrant.io:6333 "HTTP/1.1 200 OK"
2025-01-26 13:56:27,941 - INFO - Use pytorch device_name: cpu
2025-01-26 13:56:27,941 - INFO - Load pretrained SentenceTransformer: all-MiniLM-L6-v2
2025-01-26 13:58:17,079 - INFO - HTTP Request: GET https://e15a0be7-90ca-491a-8bbb-ce2eae999b65.eu-west-2-0.aws.cloud.qdrant.io:6333 "HTTP/1.1 200 OK"
2025-01-26 13:58:17,082 - INFO - Use pytorch device_name: cpu
2025-01-26 13:58:17,082 - INFO - Load pretrained SentenceTransformer: all-MiniLM-L6-v2
2025-01-26 13:58:24,554 - INFO - HTTP Request: GET https://e15a0be7-90ca-491a-8bbb-ce2eae999b65.eu-west-2-0.aws.cloud.qdrant.io:6333 "HTTP/1.1 200 OK"
2025-01-26 13:58:24,557 - INFO - Use pytorch device_name: cpu
2025-01-26 13:58:24,557 - INFO - Load pretrained SentenceTransformer: all-MiniLM-L6-v2
2025-01-26 13:59:18,101 - INFO - HTTP Request: GET https://e15a0be7-90ca-491a-8bbb-ce2eae999b65.eu-west-2-0.aws.cloud.qdrant.io:6333 "HTTP/1.1 200 OK"
2025-01-26 13:59:18,105 - INFO - Use pytorch device_name: cpu
2025-01-26 13:59:18,105 - INFO - Load pretrained SentenceTransformer: all-MiniLM-L6-v2
2025-01-26 13:59:25,661 - INFO - HTTP Request: GET https://e15a0be7-90ca-491a-8bbb-ce2eae999b65.eu-west-2-0.aws.cloud.qdrant.io:6333 "HTTP/1.1 200 OK"
2025-01-26 13:59:25,664 - INFO - Use pytorch device_name: cpu
2025-01-26 13:59:25,664 - INFO - Load pretrained SentenceTransformer: all-MiniLM-L6-v2
2025-01-26 13:59:33,131 - INFO - HTTP Request: GET https://e15a0be7-90ca-491a-8bbb-ce2eae999b65.eu-west-2-0.aws.cloud.qdrant.io:6333 "HTTP/1.1 200 OK"
2025-01-26 13:59:33,133 - INFO - Use pytorch device_name: cpu
2025-01-26 13:59:33,133 - INFO - Load pretrained SentenceTransformer: all-MiniLM-L6-v2
2025-01-26 13:59:43,778 - INFO - HTTP Request: GET https://e15a0be7-90ca-491a-8bbb-ce2eae999b65.eu-west-2-0.aws.cloud.qdrant.io:6333 "HTTP/1.1 200 OK"
2025-01-26 13:59:43,781 - INFO - Use pytorch device_name: cpu
2025-01-26 13:59:43,781 - INFO - Load pretrained SentenceTransformer: all-MiniLM-L6-v2
2025-01-26 13:59:51,478 - INFO - HTTP Request: GET https://e15a0be7-90ca-491a-8bbb-ce2eae999b65.eu-west-2-0.aws.cloud.qdrant.io:6333 "HTTP/1.1 200 OK"
2025-01-26 13:59:51,481 - INFO - Use pytorch device_name: cpu
2025-01-26 13:59:51,482 - INFO - Load pretrained SentenceTransformer: all-MiniLM-L6-v2
2025-01-26 13:59:58,931 - INFO - HTTP Request: GET https://e15a0be7-90ca-491a-8bbb-ce2eae999b65.eu-west-2-0.aws.cloud.qdrant.io:6333 "HTTP/1.1 200 OK"
2025-01-26 13:59:58,935 - INFO - Use pytorch device_name: cpu
2025-01-26 13:59:58,935 - INFO - Load pretrained SentenceTransformer: all-MiniLM-L6-v2
2025-01-26 14:00:51,845 - INFO - HTTP Request: GET https://e15a0be7-90ca-491a-8bbb-ce2eae999b65.eu-west-2-0.aws.cloud.qdrant.io:6333 "HTTP/1.1 200 OK"
2025-01-26 14:00:51,849 - INFO - Use pytorch device_name: cpu
2025-01-26 14:00:51,849 - INFO - Load pretrained SentenceTransformer: all-MiniLM-L6-v2
2025-01-26 14:00:59,249 - INFO - HTTP Request: GET https://e15a0be7-90ca-491a-8bbb-ce2eae999b65.eu-west-2-0.aws.cloud.qdrant.io:6333 "HTTP/1.1 200 OK"
2025-01-26 14:00:59,252 - INFO - Use pytorch device_name: cpu
2025-01-26 14:00:59,252 - INFO - Load pretrained SentenceTransformer: all-MiniLM-L6-v2
2025-01-26 14:03:23,890 - INFO - HTTP Request: GET https://e15a0be7-90ca-491a-8bbb-ce2eae999b65.eu-west-2-0.aws.cloud.qdrant.io:6333 "HTTP/1.1 200 OK"
2025-01-26 14:03:23,894 - INFO - Use pytorch device_name: cpu
2025-01-26 14:03:23,894 - INFO - Load pretrained SentenceTransformer: all-MiniLM-L6-v2
2025-01-26 14:03:31,435 - INFO - HTTP Request: GET https://e15a0be7-90ca-491a-8bbb-ce2eae999b65.eu-west-2-0.aws.cloud.qdrant.io:6333 "HTTP/1.1 200 OK"
2025-01-26 14:03:31,437 - INFO - Use pytorch device_name: cpu
2025-01-26 14:03:31,437 - INFO - Load pretrained SentenceTransformer: all-MiniLM-L6-v2
2025-01-26 14:03:38,554 - INFO - HTTP Request: GET https://e15a0be7-90ca-491a-8bbb-ce2eae999b65.eu-west-2-0.aws.cloud.qdrant.io:6333 "HTTP/1.1 200 OK"
2025-01-26 14:03:38,556 - INFO - Use pytorch device_name: cpu
2025-01-26 14:03:38,556 - INFO - Load pretrained SentenceTransformer: all-MiniLM-L6-v2
2025-01-26 14:04:05,706 - INFO - HTTP Request: GET https://e15a0be7-90ca-491a-8bbb-ce2eae999b65.eu-west-2-0.aws.cloud.qdrant.io:6333 "HTTP/1.1 200 OK"
2025-01-26 14:04:05,709 - INFO - Use pytorch device_name: cpu
2025-01-26 14:04:05,709 - INFO - Load pretrained SentenceTransformer: all-MiniLM-L6-v2
2025-01-26 14:04:12,702 - INFO - HTTP Request: GET https://e15a0be7-90ca-491a-8bbb-ce2eae999b65.eu-west-2-0.aws.cloud.qdrant.io:6333 "HTTP/1.1 200 OK"
2025-01-26 14:04:12,704 - INFO - Use pytorch device_name: cpu
2025-01-26 14:04:12,704 - INFO - Load pretrained SentenceTransformer: all-MiniLM-L6-v2
2025-01-26 14:04:20,052 - INFO - HTTP Request: GET https://e15a0be7-90ca-491a-8bbb-ce2eae999b65.eu-west-2-0.aws.cloud.qdrant.io:6333 "HTTP/1.1 200 OK"
2025-01-26 14:04:20,057 - INFO - Use pytorch device_name: cpu
2025-01-26 14:04:20,057 - INFO - Load pretrained SentenceTransformer: all-MiniLM-L6-v2
2025-01-26 14:04:57,370 - INFO - HTTP Request: POST https://e15a0be7-90ca-491a-8bbb-ce2eae999b65.eu-west-2-0.aws.cloud.qdrant.io:6333/collections/movies/points/search "HTTP/1.1 200 OK"
2025-01-26 14:05:00,288 - INFO - HTTP Request: POST https://e15a0be7-90ca-491a-8bbb-ce2eae999b65.eu-west-2-0.aws.cloud.qdrant.io:6333/collections/movies/points/search "HTTP/1.1 200 OK"
2025-01-26 14:05:00,529 - INFO - HTTP Request: POST https://e15a0be7-90ca-491a-8bbb-ce2eae999b65.eu-west-2-0.aws.cloud.qdrant.io:6333/collections/movies/points/search "HTTP/1.1 200 OK"
2025-01-26 14:05:02,616 - INFO - HTTP Request: POST https://e15a0be7-90ca-491a-8bbb-ce2eae999b65.eu-west-2-0.aws.cloud.qdrant.io:6333/collections/movies/points/search "HTTP/1.1 200 OK"
2025-01-26 14:05:05,814 - INFO - HTTP Request: POST https://e15a0be7-90ca-491a-8bbb-ce2eae999b65.eu-west-2-0.aws.cloud.qdrant.io:6333/collections/movies/points/search "HTTP/1.1 200 OK"
2025-01-26 14:05:07,367 - INFO - HTTP Request: POST https://e15a0be7-90ca-491a-8bbb-ce2eae999b65.eu-west-2-0.aws.cloud.qdrant.io:6333/collections/movies/points/search "HTTP/1.1 200 OK"
2025-01-26 14:05:08,421 - INFO - HTTP Request: POST https://e15a0be7-90ca-491a-8bbb-ce2eae999b65.eu-west-2-0.aws.cloud.qdrant.io:6333/collections/movies/points/search "HTTP/1.1 200 OK"
2025-01-26 14:05:12,877 - INFO - HTTP Request: POST https://e15a0be7-90ca-491a-8bbb-ce2eae999b65.eu-west-2-0.aws.cloud.qdrant.io:6333/collections/movies/points/search "HTTP/1.1 200 OK"
2025-01-26 14:05:12,989 - INFO - HTTP Request: POST https://e15a0be7-90ca-491a-8bbb-ce2eae999b65.eu-west-2-0.aws.cloud.qdrant.io:6333/collections/movies/points/search "HTTP/1.1 200 OK"
2025-01-26 14:05:14,537 - INFO - HTTP Request: POST https://e15a0be7-90ca-491a-8bbb-ce2eae999b65.eu-west-2-0.aws.cloud.qdrant.io:6333/collections/movies/points/search "HTTP/1.1 200 OK"
2025-01-26 14:05:14,661 - INFO - HTTP Request: POST https://e15a0be7-90ca-491a-8bbb-ce2eae999b65.eu-west-2-0.aws.cloud.qdrant.io:6333/collections/movies/points/search "HTTP/1.1 200 OK"
2025-01-26 14:05:15,116 - INFO - HTTP Request: POST https://e15a0be7-90ca-491a-8bbb-ce2eae999b65.eu-west-2-0.aws.cloud.qdrant.io:6333/collections/movies/points/search "HTTP/1.1 200 OK"
2025-01-26 14:05:15,678 - INFO - HTTP Request: POST https://e15a0be7-90ca-491a-8bbb-ce2eae999b65.eu-west-2-0.aws.cloud.qdrant.io:6333/collections/movies/points/search "HTTP/1.1 200 OK"
2025-01-26 14:05:16,278 - INFO - HTTP Request: POST https://e15a0be7-90ca-491a-8bbb-ce2eae999b65.eu-west-2-0.aws.cloud.qdrant.io:6333/collections/movies/points/search "HTTP/1.1 200 OK"
2025-01-26 14:05:16,684 - INFO - HTTP Request: POST https://e15a0be7-90ca-491a-8bbb-ce2eae999b65.eu-west-2-0.aws.cloud.qdrant.io:6333/collections/movies/points/search "HTTP/1.1 200 OK"
2025-01-26 14:05:16,932 - INFO - HTTP Request: POST https://e15a0be7-90ca-491a-8bbb-ce2eae999b65.eu-west-2-0.aws.cloud.qdrant.io:6333/collections/movies/points/search "HTTP/1.1 200 OK"
2025-01-26 14:05:17,037 - INFO - HTTP Request: POST https://e15a0be7-90ca-491a-8bbb-ce2eae999b65.eu-west-2-0.aws.cloud.qdrant.io:6333/collections/movies/points/search "HTTP/1.1 200 OK"
2025-01-26 14:05:17,068 - INFO - HTTP Request: POST https://e15a0be7-90ca-491a-8bbb-ce2eae999b65.eu-west-2-0.aws.cloud.qdrant.io:6333/collections/movies/points/search "HTTP/1.1 200 OK"
2025-01-26 14:05:17,098 - INFO - HTTP Request: POST https://e15a0be7-90ca-491a-8bbb-ce2eae999b65.eu-west-2-0.aws.cloud.qdrant.io:6333/collections/movies/points/search "HTTP/1.1 200 OK"
2025-01-26 14:05:18,308 - INFO - HTTP Request: POST https://e15a0be7-90ca-491a-8bbb-ce2eae999b65.eu-west-2-0.aws.cloud.qdrant.io:6333/collections/movies/points/search "HTTP/1.1 200 OK"
2025-01-26 14:05:18,315 - INFO - HTTP Request: POST https://e15a0be7-90ca-491a-8bbb-ce2eae999b65.eu-west-2-0.aws.cloud.qdrant.io:6333/collections/movies/points/search "HTTP/1.1 200 OK"
2025-01-26 14:05:18,407 - INFO - HTTP Request: POST https://e15a0be7-90ca-491a-8bbb-ce2eae999b65.eu-west-2-0.aws.cloud.qdrant.io:6333/collections/movies/points/search "HTTP/1.1 200 OK"
2025-01-26 14:05:18,413 - INFO - HTTP Request: POST https://e15a0be7-90ca-491a-8bbb-ce2eae999b65.eu-west-2-0.aws.cloud.qdrant.io:6333/collections/movies/points/search "HTTP/1.1 200 OK"
2025-01-26 14:05:18,618 - INFO - HTTP Request: POST https://e15a0be7-90ca-491a-8bbb-ce2eae999b65.eu-west-2-0.aws.cloud.qdrant.io:6333/collections/movies/points/search "HTTP/1.1 200 OK"
2025-01-26 14:05:18,664 - INFO - HTTP Request: POST https://e15a0be7-90ca-491a-8bbb-ce2eae999b65.eu-west-2-0.aws.cloud.qdrant.io:6333/collections/movies/points/search "HTTP/1.1 200 OK"
2025-01-26 14:05:18,947 - INFO - HTTP Request: POST https://e15a0be7-90ca-491a-8bbb-ce2eae999b65.eu-west-2-0.aws.cloud.qdrant.io:6333/collections/movies/points/search "HTTP/1.1 200 OK"
2025-01-26 14:05:19,022 - INFO - HTTP Request: POST https://e15a0be7-90ca-491a-8bbb-ce2eae999b65.eu-west-2-0.aws.cloud.qdrant.io:6333/collections/movies/points/search "HTTP/1.1 200 OK"
2025-01-26 14:05:19,090 - INFO - HTTP Request: POST https://e15a0be7-90ca-491a-8bbb-ce2eae999b65.eu-west-2-0.aws.cloud.qdrant.io:6333/collections/movies/points/search "HTTP/1.1 200 OK"
2025-01-26 14:05:19,127 - INFO - HTTP Request: POST https://e15a0be7-90ca-491a-8bbb-ce2eae999b65.eu-west-2-0.aws.cloud.qdrant.io:6333/collections/movies/points/search "HTTP/1.1 200 OK"
2025-01-26 14:05:19,164 - INFO - HTTP Request: POST https://e15a0be7-90ca-491a-8bbb-ce2eae999b65.eu-west-2-0.aws.cloud.qdrant.io:6333/collections/movies/points/search "HTTP/1.1 200 OK"
2025-01-26 14:05:19,175 - INFO - HTTP Request: POST https://e15a0be7-90ca-491a-8bbb-ce2eae999b65.eu-west-2-0.aws.cloud.qdrant.io:6333/collections/movies/points/search "HTTP/1.1 200 OK"
2025-01-26 14:05:19,182 - INFO - HTTP Request: POST https://e15a0be7-90ca-491a-8bbb-ce2eae999b65.eu-west-2-0.aws.cloud.qdrant.io:6333/collections/movies/points/search "HTTP/1.1 200 OK"
2025-01-26 14:05:19,255 - INFO - HTTP Request: POST https://e15a0be7-90ca-491a-8bbb-ce2eae999b65.eu-west-2-0.aws.cloud.qdrant.io:6333/collections/movies/points/search "HTTP/1.1 200 OK"
2025-01-26 14:06:11,006 - INFO - HTTP Request: POST https://e15a0be7-90ca-491a-8bbb-ce2eae999b65.eu-west-2-0.aws.cloud.qdrant.io:6333/collections/movies/points/search "HTTP/1.1 200 OK"
2025-01-26 14:07:20,735 - INFO - HTTP Request: POST https://e15a0be7-90ca-491a-8bbb-ce2eae999b65.eu-west-2-0.aws.cloud.qdrant.io:6333/collections/movies/points/search "HTTP/1.1 200 OK"
2025-01-26 14:08:55,564 - INFO - HTTP Request: GET https://e15a0be7-90ca-491a-8bbb-ce2eae999b65.eu-west-2-0.aws.cloud.qdrant.io:6333 "HTTP/1.1 200 OK"
2025-01-26 14:08:55,568 - INFO - Use pytorch device_name: cpu
2025-01-26 14:08:55,568 - INFO - Load pretrained SentenceTransformer: all-MiniLM-L6-v2
2025-01-26 14:09:19,524 - INFO - HTTP Request: GET https://e15a0be7-90ca-491a-8bbb-ce2eae999b65.eu-west-2-0.aws.cloud.qdrant.io:6333 "HTTP/1.1 200 OK"
2025-01-26 14:09:19,526 - INFO - Use pytorch device_name: cpu
2025-01-26 14:09:19,526 - INFO - Load pretrained SentenceTransformer: all-MiniLM-L6-v2
2025-01-26 14:09:26,433 - INFO - HTTP Request: GET https://e15a0be7-90ca-491a-8bbb-ce2eae999b65.eu-west-2-0.aws.cloud.qdrant.io:6333 "HTTP/1.1 200 OK"
2025-01-26 14:09:26,437 - INFO - Use pytorch device_name: cpu
2025-01-26 14:09:26,437 - INFO - Load pretrained SentenceTransformer: all-MiniLM-L6-v2
2025-01-26 14:09:44,401 - INFO - HTTP Request: POST https://e15a0be7-90ca-491a-8bbb-ce2eae999b65.eu-west-2-0.aws.cloud.qdrant.io:6333/collections/movies/points/search "HTTP/1.1 200 OK"
2025-01-26 14:10:50,149 - INFO - HTTP Request: POST https://e15a0be7-90ca-491a-8bbb-ce2eae999b65.eu-west-2-0.aws.cloud.qdrant.io:6333/collections/movies/points/search "HTTP/1.1 200 OK"
2025-01-26 14:10:50,155 - INFO - HTTP Request: POST https://e15a0be7-90ca-491a-8bbb-ce2eae999b65.eu-west-2-0.aws.cloud.qdrant.io:6333/collections/movies/points/search "HTTP/1.1 200 OK"
2025-01-26 14:11:38,445 - INFO - HTTP Request: GET https://e15a0be7-90ca-491a-8bbb-ce2eae999b65.eu-west-2-0.aws.cloud.qdrant.io:6333 "HTTP/1.1 200 OK"
2025-01-26 14:11:38,449 - INFO - Use pytorch device_name: cpu
2025-01-26 14:11:38,450 - INFO - Load pretrained SentenceTransformer: all-MiniLM-L6-v2
2025-01-26 14:14:30,149 - INFO - HTTP Request: GET https://e15a0be7-90ca-491a-8bbb-ce2eae999b65.eu-west-2-0.aws.cloud.qdrant.io:6333 "HTTP/1.1 200 OK"
2025-01-26 14:14:30,153 - INFO - Use pytorch device_name: cpu
2025-01-26 14:14:30,154 - INFO - Load pretrained SentenceTransformer: all-MiniLM-L6-v2
2025-01-26 14:14:37,192 - INFO - HTTP Request: GET https://e15a0be7-90ca-491a-8bbb-ce2eae999b65.eu-west-2-0.aws.cloud.qdrant.io:6333 "HTTP/1.1 200 OK"
2025-01-26 14:14:37,195 - INFO - Use pytorch device_name: cpu
2025-01-26 14:14:37,196 - INFO - Load pretrained SentenceTransformer: all-MiniLM-L6-v2
2025-01-26 14:14:43,915 - INFO - HTTP Request: GET https://e15a0be7-90ca-491a-8bbb-ce2eae999b65.eu-west-2-0.aws.cloud.qdrant.io:6333 "HTTP/1.1 200 OK"
2025-01-26 14:14:43,919 - INFO - Use pytorch device_name: cpu
2025-01-26 14:14:43,919 - INFO - Load pretrained SentenceTransformer: all-MiniLM-L6-v2
2025-01-26 14:14:53,581 - INFO - HTTP Request: POST https://e15a0be7-90ca-491a-8bbb-ce2eae999b65.eu-west-2-0.aws.cloud.qdrant.io:6333/collections/movies/points/search "HTTP/1.1 200 OK"
2025-01-26 14:16:00,619 - INFO - Endpoint was hit for movie_id: 2
2025-01-26 14:16:00,620 - INFO - Raw data received: id=1
2025-01-26 14:16:00,666 - INFO - Endpoint was hit for movie_id: 2
2025-01-26 14:16:00,667 - INFO - Raw data received: id=2
2025-01-26 14:16:39,576 - INFO - HTTP Request: POST https://e15a0be7-90ca-491a-8bbb-ce2eae999b65.eu-west-2-0.aws.cloud.qdrant.io:6333/collections/movies/points/search "HTTP/1.1 200 OK"
2025-01-26 14:17:00,297 - INFO - HTTP Request: POST https://e15a0be7-90ca-491a-8bbb-ce2eae999b65.eu-west-2-0.aws.cloud.qdrant.io:6333/collections/movies/points/search "HTTP/1.1 200 OK"
2025-01-26 14:20:16,854 - INFO - HTTP Request: POST https://e15a0be7-90ca-491a-8bbb-ce2eae999b65.eu-west-2-0.aws.cloud.qdrant.io:6333/collections/movies/points/search "HTTP/1.1 200 OK"
2025-01-26 14:21:15,110 - INFO - HTTP Request: POST https://e15a0be7-90ca-491a-8bbb-ce2eae999b65.eu-west-2-0.aws.cloud.qdrant.io:6333/collections/movies/points/search "HTTP/1.1 200 OK"
2025-01-26 14:22:29,834 - INFO - HTTP Request: POST https://e15a0be7-90ca-491a-8bbb-ce2eae999b65.eu-west-2-0.aws.cloud.qdrant.io:6333/collections/movies/points/search "HTTP/1.1 200 OK"
2025-01-26 14:23:08,949 - INFO - HTTP Request: POST https://e15a0be7-90ca-491a-8bbb-ce2eae999b65.eu-west-2-0.aws.cloud.qdrant.io:6333/collections/movies/points/search "HTTP/1.1 200 OK"
2025-01-26 14:23:40,675 - INFO - HTTP Request: POST https://e15a0be7-90ca-491a-8bbb-ce2eae999b65.eu-west-2-0.aws.cloud.qdrant.io:6333/collections/movies/points/search "HTTP/1.1 200 OK"
2025-01-26 14:26:38,904 - INFO - HTTP Request: GET https://e15a0be7-90ca-491a-8bbb-ce2eae999b65.eu-west-2-0.aws.cloud.qdrant.io:6333 "HTTP/1.1 200 OK"
2025-01-26 14:26:38,908 - INFO - Use pytorch device_name: cpu
2025-01-26 14:26:38,908 - INFO - Load pretrained SentenceTransformer: all-MiniLM-L6-v2
2025-01-26 14:26:45,579 - INFO - HTTP Request: GET https://e15a0be7-90ca-491a-8bbb-ce2eae999b65.eu-west-2-0.aws.cloud.qdrant.io:6333 "HTTP/1.1 200 OK"
2025-01-26 14:26:45,581 - INFO - Use pytorch device_name: cpu
2025-01-26 14:26:45,581 - INFO - Load pretrained SentenceTransformer: all-MiniLM-L6-v2
2025-01-26 14:26:52,313 - INFO - HTTP Request: GET https://e15a0be7-90ca-491a-8bbb-ce2eae999b65.eu-west-2-0.aws.cloud.qdrant.io:6333 "HTTP/1.1 200 OK"
2025-01-26 14:26:52,317 - INFO - Use pytorch device_name: cpu
2025-01-26 14:26:52,317 - INFO - Load pretrained SentenceTransformer: all-MiniLM-L6-v2
2025-01-26 14:27:08,954 - INFO - HTTP Request: POST https://e15a0be7-90ca-491a-8bbb-ce2eae999b65.eu-west-2-0.aws.cloud.qdrant.io:6333/collections/movies/points/search "HTTP/1.1 200 OK"
2025-01-26 14:27:34,414 - INFO - HTTP Request: POST https://e15a0be7-90ca-491a-8bbb-ce2eae999b65.eu-west-2-0.aws.cloud.qdrant.io:6333/collections/movies/points/search "HTTP/1.1 200 OK"
2025-01-26 14:28:51,644 - INFO - HTTP Request: GET https://e15a0be7-90ca-491a-8bbb-ce2eae999b65.eu-west-2-0.aws.cloud.qdrant.io:6333 "HTTP/1.1 200 OK"
2025-01-26 14:28:51,649 - INFO - Use pytorch device_name: cpu
2025-01-26 14:28:51,649 - INFO - Load pretrained SentenceTransformer: all-MiniLM-L6-v2
2025-01-26 14:28:54,637 - INFO - HTTP Request: POST https://e15a0be7-90ca-491a-8bbb-ce2eae999b65.eu-west-2-0.aws.cloud.qdrant.io:6333/collections/movies/points/search "HTTP/1.1 200 OK"
2025-01-26 14:29:53,429 - INFO - HTTP Request: POST https://e15a0be7-90ca-491a-8bbb-ce2eae999b65.eu-west-2-0.aws.cloud.qdrant.io:6333/collections/movies/points/search "HTTP/1.1 200 OK"
2025-01-26 14:30:08,771 - INFO - HTTP Request: GET https://e15a0be7-90ca-491a-8bbb-ce2eae999b65.eu-west-2-0.aws.cloud.qdrant.io:6333 "HTTP/1.1 200 OK"
2025-01-26 14:30:08,774 - INFO - Use pytorch device_name: cpu
2025-01-26 14:30:08,775 - INFO - Load pretrained SentenceTransformer: all-MiniLM-L6-v2
2025-01-26 14:30:27,124 - INFO - HTTP Request: POST https://e15a0be7-90ca-491a-8bbb-ce2eae999b65.eu-west-2-0.aws.cloud.qdrant.io:6333/collections/movies/points/search "HTTP/1.1 200 OK"
2025-01-26 14:30:46,911 - INFO - HTTP Request: GET https://e15a0be7-90ca-491a-8bbb-ce2eae999b65.eu-west-2-0.aws.cloud.qdrant.io:6333 "HTTP/1.1 200 OK"
2025-01-26 14:30:46,914 - INFO - Use pytorch device_name: cpu
2025-01-26 14:30:46,915 - INFO - Load pretrained SentenceTransformer: all-MiniLM-L6-v2
2025-01-26 14:30:53,844 - INFO - HTTP Request: GET https://e15a0be7-90ca-491a-8bbb-ce2eae999b65.eu-west-2-0.aws.cloud.qdrant.io:6333 "HTTP/1.1 200 OK"
2025-01-26 14:30:53,848 - INFO - Use pytorch device_name: cpu
2025-01-26 14:30:53,848 - INFO - Load pretrained SentenceTransformer: all-MiniLM-L6-v2
2025-01-26 14:31:00,601 - INFO - HTTP Request: GET https://e15a0be7-90ca-491a-8bbb-ce2eae999b65.eu-west-2-0.aws.cloud.qdrant.io:6333 "HTTP/1.1 200 OK"
2025-01-26 14:31:00,605 - INFO - Use pytorch device_name: cpu
2025-01-26 14:31:00,605 - INFO - Load pretrained SentenceTransformer: all-MiniLM-L6-v2
2025-01-26 14:31:04,021 - INFO - HTTP Request: POST https://e15a0be7-90ca-491a-8bbb-ce2eae999b65.eu-west-2-0.aws.cloud.qdrant.io:6333/collections/movies/points/search "HTTP/1.1 200 OK"
2025-01-26 14:31:17,708 - INFO - HTTP Request: GET https://e15a0be7-90ca-491a-8bbb-ce2eae999b65.eu-west-2-0.aws.cloud.qdrant.io:6333 "HTTP/1.1 200 OK"
2025-01-26 14:31:17,711 - INFO - Use pytorch device_name: cpu
2025-01-26 14:31:17,711 - INFO - Load pretrained SentenceTransformer: all-MiniLM-L6-v2
2025-01-26 14:31:24,352 - INFO - HTTP Request: GET https://e15a0be7-90ca-491a-8bbb-ce2eae999b65.eu-west-2-0.aws.cloud.qdrant.io:6333 "HTTP/1.1 200 OK"
2025-01-26 14:31:24,356 - INFO - Use pytorch device_name: cpu
2025-01-26 14:31:24,356 - INFO - Load pretrained SentenceTransformer: all-MiniLM-L6-v2
2025-01-26 14:31:31,242 - INFO - HTTP Request: GET https://e15a0be7-90ca-491a-8bbb-ce2eae999b65.eu-west-2-0.aws.cloud.qdrant.io:6333 "HTTP/1.1 200 OK"
2025-01-26 14:31:31,245 - INFO - Use pytorch device_name: cpu
2025-01-26 14:31:31,245 - INFO - Load pretrained SentenceTransformer: all-MiniLM-L6-v2
2025-01-26 14:31:34,215 - INFO - HTTP Request: POST https://e15a0be7-90ca-491a-8bbb-ce2eae999b65.eu-west-2-0.aws.cloud.qdrant.io:6333/collections/movies/points/search "HTTP/1.1 200 OK"
2025-01-26 14:31:39,557 - INFO - HTTP Request: POST https://e15a0be7-90ca-491a-8bbb-ce2eae999b65.eu-west-2-0.aws.cloud.qdrant.io:6333/collections/movies/points/search "HTTP/1.1 200 OK"
2025-01-26 14:31:43,910 - INFO - HTTP Request: POST https://e15a0be7-90ca-491a-8bbb-ce2eae999b65.eu-west-2-0.aws.cloud.qdrant.io:6333/collections/movies/points/search "HTTP/1.1 200 OK"
2025-01-26 14:38:18,441 - INFO - HTTP Request: POST https://e15a0be7-90ca-491a-8bbb-ce2eae999b65.eu-west-2-0.aws.cloud.qdrant.io:6333/collections/movies/points/search "HTTP/1.1 200 OK"
2025-01-26 14:39:45,685 - INFO - HTTP Request: POST https://e15a0be7-90ca-491a-8bbb-ce2eae999b65.eu-west-2-0.aws.cloud.qdrant.io:6333/collections/movies/points/search "HTTP/1.1 200 OK"
2025-01-26 14:41:13,941 - INFO - HTTP Request: POST https://e15a0be7-90ca-491a-8bbb-ce2eae999b65.eu-west-2-0.aws.cloud.qdrant.io:6333/collections/movies/points/search "HTTP/1.1 200 OK"
2025-01-26 14:54:57,119 - INFO - HTTP Request: POST https://e15a0be7-90ca-491a-8bbb-ce2eae999b65.eu-west-2-0.aws.cloud.qdrant.io:6333/collections/movies/points/search "HTTP/1.1 200 OK"
2025-01-26 21:05:44,475 - INFO - HTTP Request: GET https://e15a0be7-90ca-491a-8bbb-ce2eae999b65.eu-west-2-0.aws.cloud.qdrant.io:6333 "HTTP/1.1 200 OK"
2025-01-26 21:05:44,857 - INFO - Use pytorch device_name: cuda
2025-01-26 21:05:44,857 - INFO - Load pretrained SentenceTransformer: all-MiniLM-L6-v2
2025-01-26 21:07:05,013 - INFO - Endpoint was hit for movie_id: 1
2025-01-26 21:07:05,013 - INFO - Raw data received: id=10
2025-01-26 21:09:35,648 - INFO - HTTP Request: POST https://e15a0be7-90ca-491a-8bbb-ce2eae999b65.eu-west-2-0.aws.cloud.qdrant.io:6333/collections/movies/points/search "HTTP/1.1 200 OK"
2025-01-26 21:10:08,379 - INFO - HTTP Request: POST https://e15a0be7-90ca-491a-8bbb-ce2eae999b65.eu-west-2-0.aws.cloud.qdrant.io:6333/collections/movies/points/search "HTTP/1.1 200 OK"
2025-01-26 21:10:28,468 - INFO - HTTP Request: POST https://e15a0be7-90ca-491a-8bbb-ce2eae999b65.eu-west-2-0.aws.cloud.qdrant.io:6333/collections/movies/points/search "HTTP/1.1 200 OK"
2025-02-12 20:05:12,181 - INFO - HTTP Request: GET https://e15a0be7-90ca-491a-8bbb-ce2eae999b65.eu-west-2-0.aws.cloud.qdrant.io:6333 "HTTP/1.1 404 Not Found"
2025-02-12 20:05:12,496 - INFO - Use pytorch device_name: cuda
2025-02-12 20:05:12,496 - INFO - Load pretrained SentenceTransformer: all-MiniLM-L6-v2
2025-02-12 20:07:29,477 - INFO - HTTP Request: POST https://e15a0be7-90ca-491a-8bbb-ce2eae999b65.eu-west-2-0.aws.cloud.qdrant.io:6333/collections/movies/points/search "HTTP/1.1 404 Not Found"
2025-02-12 20:35:30,961 - INFO - HTTP Request: GET https://e15a0be7-90ca-491a-8bbb-ce2eae999b65.eu-west-2-0.aws.cloud.qdrant.io:6333 "HTTP/1.1 404 Not Found"
2025-02-12 20:35:31,139 - INFO - Use pytorch device_name: cuda
2025-02-12 20:35:31,139 - INFO - Load pretrained SentenceTransformer: all-MiniLM-L6-v2
2025-02-12 23:02:34,677 - INFO - Endpoint was hit for movie_id: 1
2025-02-12 23:02:34,678 - INFO - Raw data received: id=1
2025-02-12 23:02:40,096 - INFO - Endpoint was hit for movie_id: 1
2025-02-12 23:02:40,096 - INFO - Raw data received: id=2
2025-02-12 23:03:06,359 - INFO - Endpoint was hit for movie_id: 1
2025-02-12 23:03:06,359 - INFO - Raw data received: id=2
2025-02-12 23:11:28,124 - INFO - Endpoint was hit for movie_id: 1
2025-02-12 23:11:28,125 - INFO - Raw data received: id=1
2025-02-12 23:11:46,840 - INFO - Endpoint was hit for movie_id: 1
2025-02-12 23:11:46,840 - INFO - Raw data received: id=2
2025-02-12 23:19:04,865 - INFO - Endpoint was hit for movie_id: 1
2025-02-12 23:19:04,866 - INFO - Raw data received: id=1
2025-02-12 23:20:47,186 - INFO - Endpoint was hit for movie_id: 1
2025-02-12 23:20:47,186 - INFO - Raw data received: id=1
2025-02-12 23:20:54,399 - INFO - Endpoint was hit for movie_id: 1
2025-02-12 23:20:54,399 - INFO - Raw data received: id=2
2025-02-12 23:25:54,607 - INFO - Endpoint was hit for movie_id: 1
2025-02-12 23:25:54,610 - INFO - Raw data received: id=1
2025-02-12 23:26:11,162 - INFO - Endpoint was hit for movie_id: 5
2025-02-12 23:26:11,163 - INFO - Raw data received: id=2
2025-02-12 23:26:14,205 - INFO - Endpoint was hit for movie_id: 5
2025-02-12 23:26:14,205 - INFO - Raw data received: id=2
2025-02-12 23:26:16,327 - INFO - Endpoint was hit for movie_id: 5
2025-02-12 23:26:16,327 - INFO - Raw data received: id=2
2025-02-12 23:26:19,113 - INFO - Endpoint was hit for movie_id: 5
2025-02-12 23:26:19,113 - INFO - Raw data received: id=2
2025-02-12 23:26:51,149 - INFO - Endpoint was hit for movie_id: 5
2025-02-12 23:26:51,149 - INFO - Raw data received: id=1
2025-02-12 23:32:36,380 - INFO - HTTP Request: GET https://e15a0be7-90ca-491a-8bbb-ce2eae999b65.eu-west-2-0.aws.cloud.qdrant.io:6333 "HTTP/1.1 200 OK"
2025-02-12 23:32:36,537 - INFO - Use pytorch device_name: cuda
2025-02-12 23:32:36,537 - INFO - Load pretrained SentenceTransformer: all-MiniLM-L6-v2
2025-02-12 23:32:41,262 - INFO - Endpoint was hit for movie_id: 1
2025-02-12 23:32:41,262 - INFO - Raw data received: id=1
2025-02-12 23:33:50,339 - INFO - Endpoint was hit for movie_id: 5
2025-02-12 23:33:50,339 - INFO - Raw data received: id=11
2025-02-12 23:47:41,276 - INFO - Endpoint was hit for movie_id: 5
2025-02-12 23:47:41,276 - INFO - Raw data received: id=2
2025-02-12 23:53:06,919 - INFO - Endpoint was hit for movie_id: 5
2025-02-12 23:53:06,919 - INFO - Raw data received: id=2
2025-02-12 23:53:16,642 - INFO - Endpoint was hit for movie_id: 5
2025-02-12 23:53:16,643 - INFO - Raw data received: id=1
2025-02-12 23:57:18,876 - INFO - Endpoint was hit for movie_id: 5
2025-02-12 23:57:18,877 - INFO - Raw data received: id=3
2025-02-13 00:00:19,603 - INFO - Endpoint was hit for movie_id: 5
2025-02-13 00:00:19,605 - INFO - Raw data received: id=9
2025-02-13 00:06:55,097 - INFO - HTTP Request: GET https://e15a0be7-90ca-491a-8bbb-ce2eae999b65.eu-west-2-0.aws.cloud.qdrant.io:6333 "HTTP/1.1 200 OK"
2025-02-13 00:06:55,323 - INFO - Use pytorch device_name: cuda
2025-02-13 00:06:55,323 - INFO - Load pretrained SentenceTransformer: all-MiniLM-L6-v2
2025-02-13 00:08:53,634 - INFO - HTTP Request: POST https://e15a0be7-90ca-491a-8bbb-ce2eae999b65.eu-west-2-0.aws.cloud.qdrant.io:6333/collections/movies/points/search "HTTP/1.1 200 OK"
2025-02-13 00:09:02,183 - INFO - HTTP Request: POST https://e15a0be7-90ca-491a-8bbb-ce2eae999b65.eu-west-2-0.aws.cloud.qdrant.io:6333/collections/movies/points/search "HTTP/1.1 200 OK"
2025-02-13 20:23:19,271 - INFO - HTTP Request: GET https://e15a0be7-90ca-491a-8bbb-ce2eae999b65.eu-west-2-0.aws.cloud.qdrant.io:6333 "HTTP/1.1 200 OK"
2025-02-13 20:23:19,423 - INFO - Use pytorch device_name: cuda
2025-02-13 20:23:19,424 - INFO - Load pretrained SentenceTransformer: all-MiniLM-L6-v2
2025-02-13 20:28:10,871 - INFO - HTTP Request: GET https://e15a0be7-90ca-491a-8bbb-ce2eae999b65.eu-west-2-0.aws.cloud.qdrant.io:6333 "HTTP/1.1 200 OK"
2025-02-13 20:28:11,004 - INFO - Use pytorch device_name: cuda
2025-02-13 20:28:11,004 - INFO - Load pretrained SentenceTransformer: all-MiniLM-L6-v2
2025-02-13 20:28:19,398 - INFO - HTTP Request: GET https://e15a0be7-90ca-491a-8bbb-ce2eae999b65.eu-west-2-0.aws.cloud.qdrant.io:6333 "HTTP/1.1 200 OK"
2025-02-13 20:28:19,623 - INFO - Use pytorch device_name: cuda
2025-02-13 20:28:19,623 - INFO - Load pretrained SentenceTransformer: all-MiniLM-L6-v2
2025-02-13 20:35:14,605 - INFO - Endpoint was hit for movie_id: 6
2025-02-13 20:35:14,605 - INFO - Raw data received: id=1
2025-02-13 20:39:01,641 - INFO - HTTP Request: GET https://e15a0be7-90ca-491a-8bbb-ce2eae999b65.eu-west-2-0.aws.cloud.qdrant.io:6333 "HTTP/1.1 200 OK"
2025-02-13 20:39:01,834 - INFO - Use pytorch device_name: cuda
2025-02-13 20:39:01,835 - INFO - Load pretrained SentenceTransformer: all-MiniLM-L6-v2
2025-02-13 20:39:08,363 - INFO - HTTP Request: GET https://e15a0be7-90ca-491a-8bbb-ce2eae999b65.eu-west-2-0.aws.cloud.qdrant.io:6333 "HTTP/1.1 200 OK"
2025-02-13 20:39:08,521 - INFO - Use pytorch device_name: cuda
2025-02-13 20:39:08,521 - INFO - Load pretrained SentenceTransformer: all-MiniLM-L6-v2
2025-02-13 21:10:25,154 - INFO - Endpoint was hit for movie_id: 5
2025-02-13 21:10:25,155 - INFO - Raw data received: id=1
2025-02-13 21:10:30,670 - INFO - Endpoint was hit for movie_id: 5
2025-02-13 21:10:30,670 - INFO - Raw data received: id=1
2025-02-13 21:10:30,994 - INFO - Endpoint was hit for movie_id: 5
2025-02-13 21:10:30,995 - INFO - Raw data received: id=7
2025-02-13 21:14:04,159 - INFO - Endpoint was hit for movie_id: 5
2025-02-13 21:14:04,159 - INFO - Raw data received: id=11
2025-02-13 21:14:23,374 - INFO - Endpoint was hit for movie_id: 5
2025-02-13 21:14:23,374 - INFO - Raw data received: id=9
2025-02-13 21:35:52,201 - INFO - Endpoint was hit for movie_id: 4
2025-02-13 21:35:52,202 - INFO - Raw data received: id=11
2025-02-13 21:40:04,155 - INFO - HTTP Request: GET https://e15a0be7-90ca-491a-8bbb-ce2eae999b65.eu-west-2-0.aws.cloud.qdrant.io:6333 "HTTP/1.1 200 OK"
2025-02-13 21:40:04,335 - INFO - Use pytorch device_name: cuda
2025-02-13 21:40:04,335 - INFO - Load pretrained SentenceTransformer: all-MiniLM-L6-v2
2025-02-13 21:40:11,107 - INFO - HTTP Request: GET https://e15a0be7-90ca-491a-8bbb-ce2eae999b65.eu-west-2-0.aws.cloud.qdrant.io:6333 "HTTP/1.1 200 OK"
2025-02-13 21:40:11,260 - INFO - Use pytorch device_name: cuda
2025-02-13 21:40:11,260 - INFO - Load pretrained SentenceTransformer: all-MiniLM-L6-v2
2025-02-13 21:40:18,483 - INFO - HTTP Request: GET https://e15a0be7-90ca-491a-8bbb-ce2eae999b65.eu-west-2-0.aws.cloud.qdrant.io:6333 "HTTP/1.1 200 OK"
2025-02-13 21:40:18,633 - INFO - Use pytorch device_name: cuda
2025-02-13 21:40:18,633 - INFO - Load pretrained SentenceTransformer: all-MiniLM-L6-v2
